#
# A fatal error has been detected by the Java Runtime Environment:
#
#  SIGILL (0x4) at pc=0x00007fff8ffa69ee, pid=1750, tid=57107
#
# JRE version: Java(TM) SE Runtime Environment (8.0_20-b26) (build 1.8.0_20-b26)
# Java VM: Java HotSpot(TM) 64-Bit Server VM (25.20-b23 mixed mode bsd-amd64 compressed oops)
# Problematic frame:
# C  [libdispatch.dylib+0x119ee]  _dispatch_barrier_async_f+0x163
#
# Failed to write core dump. Core dumps have been disabled. To enable core dumping, try "ulimit -c unlimited" before starting Java again
#
# If you would like to submit a bug report, please visit:
#   http://bugreport.sun.com/bugreport/crash.jsp
#

---------------  T H R E A D  ---------------

Current thread is native thread

siginfo: si_signo: 4 (SIGILL), si_code: 1 (ILL_ILLOPC), si_addr: 0x00007fff8ffa69ee

Registers:
RAX=0x0000000000000001, RBX=0x00007fbee696e5f0, RCX=0x00007fff8ffb9722, RDX=0x00000001008292c0
RSP=0x00000001208aec98, RBP=0x00000001208aed00, RSI=0x00000000ffffffff, RDI=0x00007fbee696e5f0
R8 =0x00007fbee696e5f8, R9 =0x0000000000000000, R10=0x0000000000000000, R11=0x000000000000000b
R12=0x00007fbee6941e50, R13=0x00000001208aed68, R14=0x00007fbee47cae20, R15=0x0000000000000000
RIP=0x00007fff8ffa69ee, EFLAGS=0x0000000000010286, ERR=0x0000000000000000
  TRAPNO=0x0000000000000006

Top of Stack: (sp=0x00000001208aec98)
0x00000001208aec98:   00007fff8e7893d7 00000001208aece0
0x00000001208aeca8:   00007fff7238e0d0 0000000042000000
0x00000001208aecb8:   00007fff8e7893e2 00007fff72801540
0x00000001208aecc8:   00007fbee697c300 0000000000000000
0x00000001208aecd8:   00007fbee47cae20 00007fbee696e5f0
0x00000001208aece8:   00007fbee2aae040 00007fff8b58a0c0
0x00000001208aecf8:   00007fbee447e7b0 00000001208aed10
0x00000001208aed08:   00007fff8ea5c8a3 00000001208aeda0
0x00000001208aed18:   00007fff8ea5d70a 00007fbee692a7f0
0x00000001208aed28:   00007fff72820ff0 00007fff728c4328
0x00000001208aed38:   00007fbee2aae040 00007fbee6967510
0x00000001208aed48:   00007fbee4743180 00007fff72c59e78
0x00000001208aed58:   0000000000000000 00007fff7161f580
0x00000001208aed68:   00007fbee476a130 3700b1949813c9d0
0x00000001208aed78:   00007fbee47ad2b0 00007fff7223cb60
0x00000001208aed88:   00000001008292c0 00007fbee697c790
0x00000001208aed98:   00007fbee4726f70 00000001208aedb0
0x00000001208aeda8:   00007fff8bd2fbfc 00000001208aede0
0x00000001208aedb8:   00007fff8bd2fb88 00007fbee692a7f0
0x00000001208aedc8:   0000000000000000 00007fbee6967510
0x00000001208aedd8:   0000000000000000 00000001208aee00
0x00000001208aede8:   00007fff8ff96c13 0000000100c1c940
0x00000001208aedf8:   00007fbee692a7f0 00000001208aee70
0x00000001208aee08:   00007fff8ff9a365 00007fff72c5ab40
0x00000001208aee18:   00000000a40008ff 00007fff72c5abc0
0x00000001208aee28:   00007fff72c5abc0 00007fbee6967550
0x00000001208aee38:   0000000000010001 00007fbee6967544
0x00000001208aee48:   00007fbee6967510 00007fff72c5abc0
0x00000001208aee58:   00007fff72c5ac00 00007fff72c5abc0
0x00000001208aee68:   0000000000000000 00000001208aeea0
0x00000001208aee78:   00007fff8ff9becc 00007fff72c59f50
0x00000001208aee88:   00007fbee6967510 00007fff72c5abf8 

Instructions: (pc=0x00007fff8ffa69ee)
0x00007fff8ffa69ce:   4c 8d 47 08 be 01 00 00 00 f0 41 0f c1 30 85 f6
0x00007fff8ffa69de:   79 12 48 8d 0d 3b 2d 01 00 48 89 0d f2 53 cb e2
0x00007fff8ffa69ee:   0f 0b 31 c0 48 c7 42 10 00 00 00 00 48 89 d6 48
0x00007fff8ffa69fe:   87 77 40 48 85 f6 74 10 48 89 56 10 84 c0 74 15 

Register to memory mapping:

RAX=0x0000000000000001 is an unknown value
RBX=0x00007fbee696e5f0 is an unknown value
RCX=0x00007fff8ffb9722: __libdispatchVersionNumber+0x1aa in /usr/lib/system/libdispatch.dylib at 0x00007fff8ff95000
RDX=0x00000001008292c0 is an unknown value
RSP=0x00000001208aec98 is an unknown value
RBP=0x00000001208aed00 is an unknown value
RSI=0x00000000ffffffff is an unknown value
RDI=0x00007fbee696e5f0 is an unknown value
R8 =0x00007fbee696e5f8 is an unknown value
R9 =0x0000000000000000 is an unknown value
R10=0x0000000000000000 is an unknown value
R11=0x000000000000000b is an unknown value
R12=0x00007fbee6941e50 is an unknown value
R13=0x00000001208aed68 is an unknown value
R14=0x00007fbee47cae20 is an unknown value
R15=0x0000000000000000 is an unknown value


Stack: [0x000000012082f000,0x00000001208af000],  sp=0x00000001208aec98,  free space=511k
Native frames: (J=compiled Java code, j=interpreted, Vv=VM code, C=native code)
C  [libdispatch.dylib+0x119ee]  _dispatch_barrier_async_f+0x163
C  [Foundation+0x27b8a3]  __NSXPCCONNECTION_IS_CALLING_OUT_TO_ERROR_BLOCK__+0x7
C  [Foundation+0x27c70a]  __97-[NSXPCConnection _sendInvocation:proxyNumber:remoteInterface:withErrorHandler:timeout:userInfo:]_block_invoke311+0x2b7
C  [libxpc.dylib+0x9bfc]  _xpc_connection_reply_callout+0x2f
C  [libxpc.dylib+0x9b88]  _xpc_connection_call_reply+0x24
C  [libdispatch.dylib+0x1c13]  _dispatch_client_callout+0x8
C  [libdispatch.dylib+0x5365]  _dispatch_queue_drain+0x44c
C  [libdispatch.dylib+0x6ecc]  _dispatch_queue_invoke+0xca
C  [libdispatch.dylib+0x46b7]  _dispatch_root_queue_drain+0x1cf
C  [libdispatch.dylib+0x12fe4]  _dispatch_worker_thread3+0x5b
C  [libsystem_pthread.dylib+0x36cb]  _pthread_wqthread+0x2d9
C  [libsystem_pthread.dylib+0x14a1]  start_wqthread+0xd


---------------  P R O C E S S  ---------------

VM state:not at safepoint (normal execution)

VM Mutex/Monitor currently owned by a thread: None

Heap:
 PSYoungGen      total 18944K, used 11510K [0x00000007aab00000, 0x00000007ac000000, 0x00000007c0000000)
  eden space 16384K, 54% used [0x00000007aab00000,0x00000007ab3c5838,0x00000007abb00000)
  from space 2560K, 98% used [0x00000007abb00000,0x00000007abd78010,0x00000007abd80000)
  to   space 2560K, 0% used [0x00000007abd80000,0x00000007abd80000,0x00000007ac000000)
 ParOldGen       total 44032K, used 6427K [0x0000000780000000, 0x0000000782b00000, 0x00000007aab00000)
  object space 44032K, 14% used [0x0000000780000000,0x0000000780646d10,0x0000000782b00000)
 Metaspace       used 19188K, capacity 20466K, committed 20736K, reserved 1067008K
  class space    used 2785K, capacity 3012K, committed 3072K, reserved 1048576K

Card table byte_map: [0x000000011132e000,0x000000011152f000] byte_map_base: 0x000000010d72e000

Marking Bits: (ParMarkBitMap*) 0x000000010189c330
 Begin Bits: [0x0000000111a91000, 0x0000000112a91000)
 End Bits:   [0x0000000112a91000, 0x0000000113a91000)

Polling page: 0x00000001007f7000

CodeCache: size=245760Kb used=9380Kb max_used=9380Kb free=236379Kb
 bounds [0x0000000101f6e000, 0x000000010289e000, 0x0000000110f6e000]
 total_blobs=3662 nmethods=3004 adapters=571
 compilation: enabled

Compilation events (10 events):
Event: 34.138 Thread 0x00007fbee2802800 3035       4       java.lang.Math::min (46 bytes)
Event: 34.138 Thread 0x00007fbee2825000 nmethod 3038 0x000000010288bf10 code [0x000000010288c060, 0x000000010288c170]
Event: 34.138 Thread 0x00007fbee2825000 3036       3       com.sun.javafx.geom.Path2D$Iterator::isDone (20 bytes)
Event: 34.139 Thread 0x00007fbee2825000 nmethod 3036 0x0000000102890f10 code [0x0000000102891080, 0x0000000102891250]
Event: 34.139 Thread 0x00007fbee2825000 3037       3       com.sun.prism.es2.BufferFactory::isDirect (144 bytes)
Event: 34.139 Thread 0x00007fbee2802800 nmethod 3035 0x000000010208efd0 code [0x000000010208f140, 0x000000010208f1b8]
Event: 34.140 Thread 0x00007fbee2824000 nmethod 3032 0x0000000102894210 code [0x00000001028943c0, 0x0000000102894708]
Event: 34.140 Thread 0x00007fbee2825000 nmethod 3037 0x000000010289a090 code [0x000000010289a3c0, 0x000000010289c378]
Event: 34.155 Thread 0x00007fbee2825000 3039       3       javafx.scene.Parent::impl_pickNodeLocal (84 bytes)
Event: 34.156 Thread 0x00007fbee2825000 nmethod 3039 0x000000010289ca90 code [0x000000010289ccc0, 0x000000010289d928]

GC Heap History (6 events):
Event: 3.160 GC heap before
{Heap before GC invocations=1 (full 0):
 PSYoungGen      total 18944K, used 16384K [0x00000007aab00000, 0x00000007ac000000, 0x00000007c0000000)
  eden space 16384K, 100% used [0x00000007aab00000,0x00000007abb00000,0x00000007abb00000)
  from space 2560K, 0% used [0x00000007abd80000,0x00000007abd80000,0x00000007ac000000)
  to   space 2560K, 0% used [0x00000007abb00000,0x00000007abb00000,0x00000007abd80000)
 ParOldGen       total 44032K, used 0K [0x0000000780000000, 0x0000000782b00000, 0x00000007aab00000)
  object space 44032K, 0% used [0x0000000780000000,0x0000000780000000,0x0000000782b00000)
 Metaspace       used 8901K, capacity 9212K, committed 9472K, reserved 1056768K
  class space    used 1094K, capacity 1205K, committed 1280K, reserved 1048576K
Event: 3.165 GC heap after
Heap after GC invocations=1 (full 0):
 PSYoungGen      total 18944K, used 2544K [0x00000007aab00000, 0x00000007ac000000, 0x00000007c0000000)
  eden space 16384K, 0% used [0x00000007aab00000,0x00000007aab00000,0x00000007abb00000)
  from space 2560K, 99% used [0x00000007abb00000,0x00000007abd7c040,0x00000007abd80000)
  to   space 2560K, 0% used [0x00000007abd80000,0x00000007abd80000,0x00000007ac000000)
 ParOldGen       total 44032K, used 304K [0x0000000780000000, 0x0000000782b00000, 0x00000007aab00000)
  object space 44032K, 0% used [0x0000000780000000,0x000000078004c1a8,0x0000000782b00000)
 Metaspace       used 8901K, capacity 9212K, committed 9472K, reserved 1056768K
  class space    used 1094K, capacity 1205K, committed 1280K, reserved 1048576K
}
Event: 5.178 GC heap before
{Heap before GC invocations=2 (full 0):
 PSYoungGen      total 18944K, used 18928K [0x00000007aab00000, 0x00000007ac000000, 0x00000007c0000000)
  eden space 16384K, 100% used [0x00000007aab00000,0x00000007abb00000,0x00000007abb00000)
  from space 2560K, 99% used [0x00000007abb00000,0x00000007abd7c040,0x00000007abd80000)
  to   space 2560K, 0% used [0x00000007abd80000,0x00000007abd80000,0x00000007ac000000)
 ParOldGen       total 44032K, used 304K [0x0000000780000000, 0x0000000782b00000, 0x00000007aab00000)
  object space 44032K, 0% used [0x0000000780000000,0x000000078004c1a8,0x0000000782b00000)
 Metaspace       used 14091K, capacity 14640K, committed 14720K, reserved 1062912K
  class space    used 2013K, capacity 2153K, committed 2176K, reserved 1048576K
Event: 5.184 GC heap after
Heap after GC invocations=2 (full 0):
 PSYoungGen      total 18944K, used 2544K [0x00000007aab00000, 0x00000007ac000000, 0x00000007c0000000)
  eden space 16384K, 0% used [0x00000007aab00000,0x00000007aab00000,0x00000007abb00000)
  from space 2560K, 99% used [0x00000007abd80000,0x00000007abffc030,0x00000007ac000000)
  to   space 2560K, 0% used [0x00000007abb00000,0x00000007abb00000,0x00000007abd80000)
 ParOldGen       total 44032K, used 1694K [0x0000000780000000, 0x0000000782b00000, 0x00000007aab00000)
  object space 44032K, 3% used [0x0000000780000000,0x00000007801a7980,0x0000000782b00000)
 Metaspace       used 14091K, capacity 14640K, committed 14720K, reserved 1062912K
  class space    used 2013K, capacity 2153K, committed 2176K, reserved 1048576K
}
Event: 6.836 GC heap before
{Heap before GC invocations=3 (full 0):
 PSYoungGen      total 18944K, used 18928K [0x00000007aab00000, 0x00000007ac000000, 0x00000007c0000000)
  eden space 16384K, 100% used [0x00000007aab00000,0x00000007abb00000,0x00000007abb00000)
  from space 2560K, 99% used [0x00000007abd80000,0x00000007abffc030,0x00000007ac000000)
  to   space 2560K, 0% used [0x00000007abb00000,0x00000007abb00000,0x00000007abd80000)
 ParOldGen       total 44032K, used 1694K [0x0000000780000000, 0x0000000782b00000, 0x00000007aab00000)
  object space 44032K, 3% used [0x0000000780000000,0x00000007801a7980,0x0000000782b00000)
 Metaspace       used 17708K, capacity 18912K, committed 19072K, reserved 1064960K
  class space    used 2650K, capacity 2861K, committed 2944K, reserved 1048576K
Event: 6.845 GC heap after
Heap after GC invocations=3 (full 0):
 PSYoungGen      total 18944K, used 2528K [0x00000007aab00000, 0x00000007ac000000, 0x00000007c0000000)
  eden space 16384K, 0% used [0x00000007aab00000,0x00000007aab00000,0x00000007abb00000)
  from space 2560K, 98% used [0x00000007abb00000,0x00000007abd78010,0x00000007abd80000)
  to   space 2560K, 0% used [0x00000007abd80000,0x00000007abd80000,0x00000007ac000000)
 ParOldGen       total 44032K, used 6427K [0x0000000780000000, 0x0000000782b00000, 0x00000007aab00000)
  object space 44032K, 14% used [0x0000000780000000,0x0000000780646d10,0x0000000782b00000)
 Metaspace       used 17708K, capacity 18912K, committed 19072K, reserved 1064960K
  class space    used 2650K, capacity 2861K, committed 2944K, reserved 1048576K
}

Deoptimization events (10 events):
Event: 9.638 Thread 0x00007fbee38cf800 Uncommon trap: reason=unreached action=reinterpret pc=0x000000010245a790 method=javafx.scene.CssStyleHelper.resolveRef(Ljavafx/css/Styleable;Ljava/lang/String;Lcom/sun/javafx/css/StyleMap;Ljava/util/Set;)Lcom/sun/javafx/css/CascadingStyle; @ 66
Event: 9.638 Thread 0x00007fbee38cf800 Uncommon trap: reason=bimorphic action=maybe_recompile pc=0x000000010256cbd0 method=javafx.beans.property.BooleanPropertyBase.get()Z @ 23
Event: 9.639 Thread 0x00007fbee38cf800 Uncommon trap: reason=bimorphic action=maybe_recompile pc=0x00000001025c4cdc method=javafx.beans.property.BooleanPropertyBase.get()Z @ 23
Event: 9.649 Thread 0x00007fbee38cf800 Uncommon trap: reason=bimorphic action=maybe_recompile pc=0x00000001025e914c method=java.util.WeakHashMap.eq(Ljava/lang/Object;Ljava/lang/Object;)Z @ 7
Event: 9.664 Thread 0x00007fbee38cf800 Uncommon trap: reason=bimorphic action=maybe_recompile pc=0x00000001025e914c method=java.util.WeakHashMap.eq(Ljava/lang/Object;Ljava/lang/Object;)Z @ 7
Event: 10.224 Thread 0x00007fbee38cf800 Uncommon trap: reason=unreached action=reinterpret pc=0x0000000102415ae8 method=com.sun.javafx.css.SimpleSelector.stateMatches(Ljavafx/css/Styleable;Ljava/util/Set;)Z @ 1
Event: 24.705 Thread 0x00007fbee38cf800 Uncommon trap: reason=unreached action=reinterpret pc=0x00000001026b847c method=javafx.scene.CssStyleHelper.transitionToState(Ljavafx/scene/Node;)V @ 658
Event: 24.716 Thread 0x00007fbee38cf800 Uncommon trap: reason=bimorphic action=maybe_recompile pc=0x00000001025e914c method=java.util.WeakHashMap.eq(Ljava/lang/Object;Ljava/lang/Object;)Z @ 7
Event: 24.728 Thread 0x00007fbee38cf800 Uncommon trap: reason=bimorphic action=maybe_recompile pc=0x00000001025e914c method=java.util.WeakHashMap.eq(Ljava/lang/Object;Ljava/lang/Object;)Z @ 7
Event: 26.649 Thread 0x00007fbee38cf800 Uncommon trap: reason=bimorphic action=maybe_recompile pc=0x0000000102548c4c method=java.util.WeakHashMap.eq(Ljava/lang/Object;Ljava/lang/Object;)Z @ 7

Internal exceptions (10 events):
Event: 4.339 Thread 0x00007fbee38cf800 Exception <a 'java/security/PrivilegedActionException'> (0x00000007ab59f1e8) thrown at [/HUDSON3/workspace/8-2-build-macosx-x86_64/jdk8u20/1074/hotspot/src/share/vm/prims/jvm.cpp, line 1275]
Event: 4.376 Thread 0x00007fbee38cf800 Exception <a 'java/lang/NoSuchMethodError': <clinit>> (0x00000007ab5b7288) thrown at [/HUDSON3/workspace/8-2-build-macosx-x86_64/jdk8u20/1074/hotspot/src/share/vm/prims/jni.cpp, line 1603]
Event: 4.619 Thread 0x00007fbee38cf800 Implicit null exception at 0x000000010220b4f5 to 0x000000010220b6c1
Event: 4.717 Thread 0x00007fbee38cf800 Exception <a 'java/security/PrivilegedActionException'> (0x00000007ab7e0420) thrown at [/HUDSON3/workspace/8-2-build-macosx-x86_64/jdk8u20/1074/hotspot/src/share/vm/prims/jvm.cpp, line 1275]
Event: 4.719 Thread 0x00007fbee38cf800 Exception <a 'java/security/PrivilegedActionException'> (0x00000007ab7f4ef8) thrown at [/HUDSON3/workspace/8-2-build-macosx-x86_64/jdk8u20/1074/hotspot/src/share/vm/prims/jvm.cpp, line 1275]
Event: 4.719 Thread 0x00007fbee38cf800 Exception <a 'java/security/PrivilegedActionException'> (0x00000007ab809a78) thrown at [/HUDSON3/workspace/8-2-build-macosx-x86_64/jdk8u20/1074/hotspot/src/share/vm/prims/jvm.cpp, line 1275]
Event: 5.833 Thread 0x00007fbee38cf800 Exception <a 'java/security/PrivilegedActionException'> (0x00000007ab0a4540) thrown at [/HUDSON3/workspace/8-2-build-macosx-x86_64/jdk8u20/1074/hotspot/src/share/vm/prims/jvm.cpp, line 1275]
Event: 5.835 Thread 0x00007fbee38cf800 Exception <a 'java/security/PrivilegedActionException'> (0x00000007ab0ba060) thrown at [/HUDSON3/workspace/8-2-build-macosx-x86_64/jdk8u20/1074/hotspot/src/share/vm/prims/jvm.cpp, line 1275]
Event: 5.837 Thread 0x00007fbee38cf800 Exception <a 'java/security/PrivilegedActionException'> (0x00000007ab0cfe88) thrown at [/HUDSON3/workspace/8-2-build-macosx-x86_64/jdk8u20/1074/hotspot/src/share/vm/prims/jvm.cpp, line 1275]
Event: 10.224 Thread 0x00007fbee38cf800 Implicit null exception at 0x0000000102415336 to 0x0000000102415ac1

Events (10 events):
Event: 31.184 Thread 0x00007fbee2825000 flushing nmethod 0x00000001021ed6d0
Event: 31.184 Thread 0x00007fbee2825000 flushing nmethod 0x00000001021eff90
Event: 31.184 Thread 0x00007fbee2825000 flushing nmethod 0x00000001021f9050
Event: 31.184 Thread 0x00007fbee2825000 flushing nmethod 0x00000001021fd510
Event: 31.184 Thread 0x00007fbee2825000 flushing nmethod 0x0000000102224890
Event: 31.184 Thread 0x00007fbee2825000 flushing nmethod 0x0000000102229190
Event: 31.184 Thread 0x00007fbee2825000 flushing nmethod 0x0000000102290bd0
Event: 31.184 Thread 0x00007fbee2825000 flushing nmethod 0x00000001022a5ad0
Event: 32.716 Executing VM operation: RevokeBias
Event: 32.716 Executing VM operation: RevokeBias done


Dynamic libraries:
0x000000000071d000 	/System/Library/Frameworks/Cocoa.framework/Versions/A/Cocoa
0x000000000071d000 	/System/Library/Frameworks/Security.framework/Versions/A/Security
0x000000000071d000 	/System/Library/Frameworks/ApplicationServices.framework/Versions/A/ApplicationServices
0x000000000071d000 	/usr/lib/libz.1.dylib
0x000000000071d000 	/usr/lib/libSystem.B.dylib
0x000000000071d000 	/usr/lib/libobjc.A.dylib
0x000000000071d000 	/System/Library/Frameworks/CoreFoundation.framework/Versions/A/CoreFoundation
0x000000000071d000 	/System/Library/Frameworks/Foundation.framework/Versions/C/Foundation
0x000000000071d000 	/System/Library/Frameworks/AppKit.framework/Versions/C/AppKit
0x000000000071d000 	/System/Library/Frameworks/CoreData.framework/Versions/A/CoreData
0x000000000071d000 	/System/Library/PrivateFrameworks/RemoteViewServices.framework/Versions/A/RemoteViewServices
0x000000000071d000 	/System/Library/PrivateFrameworks/UIFoundation.framework/Versions/A/UIFoundation
0x000000000071d000 	/System/Library/Frameworks/IOSurface.framework/Versions/A/IOSurface
0x000000000071d000 	/System/Library/Frameworks/AudioToolbox.framework/Versions/A/AudioToolbox
0x000000000071d000 	/System/Library/Frameworks/AudioUnit.framework/Versions/A/AudioUnit
0x000000000071d000 	/System/Library/PrivateFrameworks/DataDetectorsCore.framework/Versions/A/DataDetectorsCore
0x000000000071d000 	/System/Library/PrivateFrameworks/DesktopServicesPriv.framework/Versions/A/DesktopServicesPriv
0x000000000071d000 	/System/Library/Frameworks/Carbon.framework/Versions/A/Frameworks/HIToolbox.framework/Versions/A/HIToolbox
0x000000000071d000 	/System/Library/Frameworks/QuartzCore.framework/Versions/A/QuartzCore
0x000000000071d000 	/System/Library/Frameworks/Carbon.framework/Versions/A/Frameworks/SpeechRecognition.framework/Versions/A/SpeechRecognition
0x000000000071d000 	/usr/lib/libauto.dylib
0x000000000071d000 	/usr/lib/libicucore.A.dylib
0x000000000071d000 	/usr/lib/libxml2.2.dylib
0x000000000071d000 	/System/Library/PrivateFrameworks/CoreUI.framework/Versions/A/CoreUI
0x000000000071d000 	/System/Library/Frameworks/CoreAudio.framework/Versions/A/CoreAudio
0x000000000071d000 	/System/Library/Frameworks/DiskArbitration.framework/Versions/A/DiskArbitration
0x000000000071d000 	/usr/lib/liblangid.dylib
0x000000000071d000 	/System/Library/PrivateFrameworks/MultitouchSupport.framework/Versions/A/MultitouchSupport
0x000000000071d000 	/System/Library/Frameworks/IOKit.framework/Versions/A/IOKit
0x000000000071d000 	/usr/lib/libDiagnosticMessagesClient.dylib
0x000000000071d000 	/System/Library/Frameworks/CoreServices.framework/Versions/A/CoreServices
0x000000000071d000 	/System/Library/PrivateFrameworks/PerformanceAnalysis.framework/Versions/A/PerformanceAnalysis
0x000000000071d000 	/System/Library/PrivateFrameworks/GenerationalStorage.framework/Versions/A/GenerationalStorage
0x000000000071d000 	/System/Library/Frameworks/OpenGL.framework/Versions/A/OpenGL
0x000000000071d000 	/System/Library/PrivateFrameworks/Sharing.framework/Versions/A/Sharing
0x000000000071d000 	/System/Library/Frameworks/CoreGraphics.framework/Versions/A/CoreGraphics
0x000000000071d000 	/System/Library/Frameworks/CoreText.framework/Versions/A/CoreText
0x000000000071d000 	/System/Library/Frameworks/ImageIO.framework/Versions/A/ImageIO
0x000000000071d000 	/usr/lib/libextension.dylib
0x000000000071d000 	/System/Library/PrivateFrameworks/Backup.framework/Versions/A/Backup
0x000000000071d000 	/usr/lib/libarchive.2.dylib
0x000000000071d000 	/System/Library/Frameworks/CFNetwork.framework/Versions/A/CFNetwork
0x000000000071d000 	/System/Library/Frameworks/SystemConfiguration.framework/Versions/A/SystemConfiguration
0x000000000071d000 	/usr/lib/libCRFSuite.dylib
0x000000000071d000 	/usr/lib/libc++.1.dylib
0x000000000071d000 	/usr/lib/libc++abi.dylib
0x000000000071d000 	/usr/lib/system/libcache.dylib
0x000000000071d000 	/usr/lib/system/libcommonCrypto.dylib
0x000000000071d000 	/usr/lib/system/libcompiler_rt.dylib
0x000000000071d000 	/usr/lib/system/libcopyfile.dylib
0x000000000071d000 	/usr/lib/system/libcorecrypto.dylib
0x000000000071d000 	/usr/lib/system/libdispatch.dylib
0x000000000071d000 	/usr/lib/system/libdyld.dylib
0x000000000071d000 	/usr/lib/system/libkeymgr.dylib
0x000000000071d000 	/usr/lib/system/liblaunch.dylib
0x000000000071d000 	/usr/lib/system/libmacho.dylib
0x000000000071d000 	/usr/lib/system/libquarantine.dylib
0x000000000071d000 	/usr/lib/system/libremovefile.dylib
0x000000000071d000 	/usr/lib/system/libsystem_asl.dylib
0x000000000071d000 	/usr/lib/system/libsystem_blocks.dylib
0x000000000071d000 	/usr/lib/system/libsystem_c.dylib
0x000000000071d000 	/usr/lib/system/libsystem_configuration.dylib
0x000000000071d000 	/usr/lib/system/libsystem_coreservices.dylib
0x000000000071d000 	/usr/lib/system/libsystem_coretls.dylib
0x000000000071d000 	/usr/lib/system/libsystem_dnssd.dylib
0x000000000071d000 	/usr/lib/system/libsystem_info.dylib
0x000000000071d000 	/usr/lib/system/libsystem_kernel.dylib
0x000000000071d000 	/usr/lib/system/libsystem_m.dylib
0x000000000071d000 	/usr/lib/system/libsystem_malloc.dylib
0x000000000071d000 	/usr/lib/system/libsystem_network.dylib
0x000000000071d000 	/usr/lib/system/libsystem_networkextension.dylib
0x000000000071d000 	/usr/lib/system/libsystem_notify.dylib
0x000000000071d000 	/usr/lib/system/libsystem_platform.dylib
0x000000000071d000 	/usr/lib/system/libsystem_pthread.dylib
0x000000000071d000 	/usr/lib/system/libsystem_sandbox.dylib
0x000000000071d000 	/usr/lib/system/libsystem_secinit.dylib
0x000000000071d000 	/usr/lib/system/libsystem_stats.dylib
0x000000000071d000 	/usr/lib/system/libsystem_trace.dylib
0x000000000071d000 	/usr/lib/system/libunc.dylib
0x000000000071d000 	/usr/lib/system/libunwind.dylib
0x000000000071d000 	/usr/lib/system/libxpc.dylib
0x000000000071d000 	/usr/lib/libbz2.1.0.dylib
0x000000000071d000 	/usr/lib/liblzma.5.dylib
0x000000000071d000 	/usr/lib/libbsm.0.dylib
0x000000000071d000 	/usr/lib/libsqlite3.dylib
0x000000000071d000 	/usr/lib/system/libkxld.dylib
0x000000000071d000 	/usr/lib/libxar.1.dylib
0x000000000071d000 	/usr/lib/libpam.2.dylib
0x000000000071d000 	/usr/lib/libOpenScriptingUtil.dylib
0x000000000071d000 	/System/Library/Frameworks/CoreServices.framework/Versions/A/Frameworks/FSEvents.framework/Versions/A/FSEvents
0x000000000071d000 	/System/Library/Frameworks/CoreServices.framework/Versions/A/Frameworks/CarbonCore.framework/Versions/A/CarbonCore
0x000000000071d000 	/System/Library/Frameworks/CoreServices.framework/Versions/A/Frameworks/Metadata.framework/Versions/A/Metadata
0x000000000071d000 	/System/Library/Frameworks/CoreServices.framework/Versions/A/Frameworks/OSServices.framework/Versions/A/OSServices
0x000000000071d000 	/System/Library/Frameworks/CoreServices.framework/Versions/A/Frameworks/SearchKit.framework/Versions/A/SearchKit
0x000000000071d000 	/System/Library/Frameworks/CoreServices.framework/Versions/A/Frameworks/AE.framework/Versions/A/AE
0x000000000071d000 	/System/Library/Frameworks/CoreServices.framework/Versions/A/Frameworks/LaunchServices.framework/Versions/A/LaunchServices
0x000000000071d000 	/System/Library/Frameworks/CoreServices.framework/Versions/A/Frameworks/DictionaryServices.framework/Versions/A/DictionaryServices
0x000000000071d000 	/System/Library/Frameworks/NetFS.framework/Versions/A/NetFS
0x000000000071d000 	/System/Library/PrivateFrameworks/NetAuth.framework/Versions/A/NetAuth
0x000000000071d000 	/System/Library/PrivateFrameworks/login.framework/Versions/A/Frameworks/loginsupport.framework/Versions/A/loginsupport
0x000000000071d000 	/System/Library/PrivateFrameworks/TCC.framework/Versions/A/TCC
0x000000000071d000 	/usr/lib/libmecabra.dylib
0x000000000071d000 	/System/Library/PrivateFrameworks/LanguageModeling.framework/Versions/A/LanguageModeling
0x000000000071d000 	/usr/lib/libcmph.dylib
0x000000000071d000 	/usr/lib/libiconv.2.dylib
0x000000000071d000 	/System/Library/Frameworks/OpenDirectory.framework/Versions/A/Frameworks/CFOpenDirectory.framework/Versions/A/CFOpenDirectory
0x000000000071d000 	/System/Library/Frameworks/ServiceManagement.framework/Versions/A/ServiceManagement
0x000000000071d000 	/usr/lib/libxslt.1.dylib
0x000000000071d000 	/System/Library/Frameworks/Carbon.framework/Versions/A/Frameworks/Ink.framework/Versions/A/Ink
0x000000000071d000 	/System/Library/Frameworks/ApplicationServices.framework/Versions/A/Frameworks/ATS.framework/Versions/A/ATS
0x000000000071d000 	/System/Library/Frameworks/ApplicationServices.framework/Versions/A/Frameworks/ColorSync.framework/Versions/A/ColorSync
0x000000000071d000 	/System/Library/Frameworks/ApplicationServices.framework/Versions/A/Frameworks/HIServices.framework/Versions/A/HIServices
0x000000000071d000 	/System/Library/Frameworks/ApplicationServices.framework/Versions/A/Frameworks/LangAnalysis.framework/Versions/A/LangAnalysis
0x000000000071d000 	/System/Library/Frameworks/ApplicationServices.framework/Versions/A/Frameworks/PrintCore.framework/Versions/A/PrintCore
0x000000000071d000 	/System/Library/Frameworks/ApplicationServices.framework/Versions/A/Frameworks/QD.framework/Versions/A/QD
0x000000000071d000 	/System/Library/Frameworks/ApplicationServices.framework/Versions/A/Frameworks/SpeechSynthesis.framework/Versions/A/SpeechSynthesis
0x000000000071d000 	/System/Library/Frameworks/Accelerate.framework/Versions/A/Accelerate
0x000000000071d000 	/System/Library/Frameworks/Accelerate.framework/Versions/A/Frameworks/vImage.framework/Versions/A/vImage
0x000000000071d000 	/System/Library/Frameworks/Accelerate.framework/Versions/A/Frameworks/vecLib.framework/Versions/A/vecLib
0x000000000071d000 	/System/Library/Frameworks/Accelerate.framework/Versions/A/Frameworks/vecLib.framework/Versions/A/libvDSP.dylib
0x000000000071d000 	/System/Library/Frameworks/Accelerate.framework/Versions/A/Frameworks/vecLib.framework/Versions/A/libvMisc.dylib
0x000000000071d000 	/System/Library/Frameworks/Accelerate.framework/Versions/A/Frameworks/vecLib.framework/Versions/A/libLAPACK.dylib
0x000000000071d000 	/System/Library/Frameworks/Accelerate.framework/Versions/A/Frameworks/vecLib.framework/Versions/A/libBLAS.dylib
0x000000000071d000 	/System/Library/Frameworks/Accelerate.framework/Versions/A/Frameworks/vecLib.framework/Versions/A/libLinearAlgebra.dylib
0x000000000071d000 	/System/Library/Frameworks/ApplicationServices.framework/Versions/A/Frameworks/ATS.framework/Versions/A/Resources/libFontParser.dylib
0x000000000071d000 	/System/Library/Frameworks/ApplicationServices.framework/Versions/A/Frameworks/ATS.framework/Versions/A/Resources/libFontRegistry.dylib
0x000000000071d000 	/System/Library/PrivateFrameworks/AppleVPA.framework/Versions/A/AppleVPA
0x000000000071d000 	/System/Library/PrivateFrameworks/AppleJPEG.framework/Versions/A/AppleJPEG
0x000000000071d000 	/System/Library/Frameworks/ImageIO.framework/Versions/A/Resources/libJPEG.dylib
0x000000000071d000 	/System/Library/Frameworks/ImageIO.framework/Versions/A/Resources/libTIFF.dylib
0x000000000071d000 	/System/Library/Frameworks/ImageIO.framework/Versions/A/Resources/libPng.dylib
0x000000000071d000 	/System/Library/Frameworks/ImageIO.framework/Versions/A/Resources/libGIF.dylib
0x000000000071d000 	/System/Library/Frameworks/ImageIO.framework/Versions/A/Resources/libJP2.dylib
0x000000000071d000 	/System/Library/Frameworks/ImageIO.framework/Versions/A/Resources/libRadiance.dylib
0x000000000071d000 	/System/Library/Frameworks/CoreVideo.framework/Versions/A/CoreVideo
0x000000000071d000 	/System/Library/Frameworks/OpenGL.framework/Versions/A/Libraries/libGLU.dylib
0x000000000071d000 	/System/Library/Frameworks/OpenGL.framework/Versions/A/Libraries/libGFXShared.dylib
0x000000000071d000 	/System/Library/Frameworks/OpenGL.framework/Versions/A/Libraries/libGL.dylib
0x000000000071d000 	/System/Library/Frameworks/OpenGL.framework/Versions/A/Libraries/libGLImage.dylib
0x000000000071d000 	/System/Library/Frameworks/OpenGL.framework/Versions/A/Libraries/libCVMSPluginSupport.dylib
0x000000000071d000 	/System/Library/Frameworks/OpenGL.framework/Versions/A/Libraries/libCoreVMClient.dylib
0x000000000071d000 	/usr/lib/libcups.2.dylib
0x000000000071d000 	/System/Library/Frameworks/Kerberos.framework/Versions/A/Kerberos
0x000000000071d000 	/System/Library/Frameworks/GSS.framework/Versions/A/GSS
0x000000000071d000 	/usr/lib/libresolv.9.dylib
0x000000000071d000 	/System/Library/PrivateFrameworks/Heimdal.framework/Versions/A/Heimdal
0x000000000071d000 	/usr/lib/libheimdal-asn1.dylib
0x000000000071d000 	/System/Library/Frameworks/OpenDirectory.framework/Versions/A/OpenDirectory
0x000000000071d000 	/System/Library/PrivateFrameworks/CommonAuth.framework/Versions/A/CommonAuth
0x000000000071d000 	/System/Library/Frameworks/SecurityFoundation.framework/Versions/A/SecurityFoundation
0x000000000071d000 	/System/Library/Frameworks/QuartzCore.framework/Versions/A/Frameworks/CoreImage.framework/Versions/A/CoreImage
0x000000000071d000 	/System/Library/PrivateFrameworks/CrashReporterSupport.framework/Versions/A/CrashReporterSupport
0x000000000071d000 	/System/Library/Frameworks/OpenCL.framework/Versions/A/OpenCL
0x000000000071d000 	/System/Library/PrivateFrameworks/FaceCore.framework/Versions/A/FaceCore
0x000000000071d000 	/System/Library/PrivateFrameworks/Ubiquity.framework/Versions/A/Ubiquity
0x000000000071d000 	/System/Library/PrivateFrameworks/IconServices.framework/Versions/A/IconServices
0x000000000071d000 	/System/Library/PrivateFrameworks/ChunkingLibrary.framework/Versions/A/ChunkingLibrary
0x000000000071d000 	/System/Library/PrivateFrameworks/Apple80211.framework/Versions/A/Apple80211
0x000000000071d000 	/System/Library/Frameworks/CoreWLAN.framework/Versions/A/CoreWLAN
0x000000000071d000 	/System/Library/Frameworks/IOBluetooth.framework/Versions/A/IOBluetooth
0x000000000071d000 	/System/Library/PrivateFrameworks/CoreWiFi.framework/Versions/A/CoreWiFi
0x000000000071d000 	/System/Library/Frameworks/CoreBluetooth.framework/Versions/A/CoreBluetooth
0x000000000071d000 	/System/Library/PrivateFrameworks/DebugSymbols.framework/Versions/A/DebugSymbols
0x000000000071d000 	/System/Library/PrivateFrameworks/CoreSymbolication.framework/Versions/A/CoreSymbolication
0x000000000071d000 	/System/Library/PrivateFrameworks/Symbolication.framework/Versions/A/Symbolication
0x000000000071d000 	/System/Library/PrivateFrameworks/SpeechRecognitionCore.framework/Versions/A/SpeechRecognitionCore
0x0000000101000000 	/Library/Java/JavaVirtualMachines/jdk1.8.0_20.jdk/Contents/Home/jre/lib/server/libjvm.dylib
0x000000000071d000 	/usr/lib/libstdc++.6.dylib
0x0000000101f1b000 	/Library/Java/JavaVirtualMachines/jdk1.8.0_20.jdk/Contents/Home/jre/lib/libverify.dylib
0x0000000101f29000 	/Library/Java/JavaVirtualMachines/jdk1.8.0_20.jdk/Contents/Home/jre/lib/libjava.dylib
0x0000000101f65000 	/Library/Java/JavaVirtualMachines/jdk1.8.0_20.jdk/Contents/Home/jre/lib/libzip.dylib
0x0000000115a51000 	/System/Library/Frameworks/JavaVM.framework/Frameworks/JavaRuntimeSupport.framework/JavaRuntimeSupport
0x0000000115a67000 	/System/Library/Frameworks/JavaVM.framework/Versions/A/Frameworks/JavaNativeFoundation.framework/Versions/A/JavaNativeFoundation
0x0000000115a7b000 	/System/Library/Frameworks/JavaVM.framework/Versions/A/JavaVM
0x000000000071d000 	/System/Library/Frameworks/Carbon.framework/Versions/A/Carbon
0x0000000115a87000 	/System/Library/PrivateFrameworks/JavaLaunching.framework/Versions/A/JavaLaunching
0x000000000071d000 	/System/Library/Frameworks/Carbon.framework/Versions/A/Frameworks/CommonPanels.framework/Versions/A/CommonPanels
0x000000000071d000 	/System/Library/Frameworks/Carbon.framework/Versions/A/Frameworks/Help.framework/Versions/A/Help
0x000000000071d000 	/System/Library/Frameworks/Carbon.framework/Versions/A/Frameworks/ImageCapture.framework/Versions/A/ImageCapture
0x000000000071d000 	/System/Library/Frameworks/Carbon.framework/Versions/A/Frameworks/OpenScripting.framework/Versions/A/OpenScripting
0x000000000071d000 	/System/Library/Frameworks/Carbon.framework/Versions/A/Frameworks/Print.framework/Versions/A/Print
0x000000000071d000 	/System/Library/Frameworks/Carbon.framework/Versions/A/Frameworks/SecurityHI.framework/Versions/A/SecurityHI
0x0000000117a32000 	/Library/Java/JavaVirtualMachines/jdk1.8.0_20.jdk/Contents/Home/jre/lib/libprism_es2.dylib
0x000000000071d000 	/System/Library/Frameworks/OpenGL.framework/Versions/A/Resources/GLEngine.bundle/GLEngine
0x000000000071d000 	/System/Library/Frameworks/OpenGL.framework/Versions/A/Libraries/libGLProgrammability.dylib
0x0000000000000000 	/System/Library/Extensions/AppleIntelHD4000GraphicsGLDriver.bundle/Contents/MacOS/AppleIntelHD4000GraphicsGLDriver
0x000000000071d000 	/System/Library/PrivateFrameworks/IOAccelerator.framework/Versions/A/IOAccelerator
0x000000000071d000 	/System/Library/PrivateFrameworks/GPUSupport.framework/Versions/A/Libraries/libGPUSupportMercury.dylib
0x000000000071d000 	/System/Library/Frameworks/OpenGL.framework/Versions/A/Resources/GLRendererFloat.bundle/GLRendererFloat
0x000000000071d000 	/System/Library/Frameworks/OpenCL.framework/Versions/A/Libraries/libcldcpuengine.dylib
0x000000000071d000 	/System/Library/PrivateFrameworks/DiskImages.framework/Versions/A/DiskImages
0x000000000071d000 	/System/Library/Frameworks/DiscRecording.framework/Versions/A/DiscRecording
0x000000000071d000 	/usr/lib/libcsfde.dylib
0x000000000071d000 	/usr/lib/libcurl.4.dylib
0x000000000071d000 	/System/Library/PrivateFrameworks/MediaKit.framework/Versions/A/MediaKit
0x000000000071d000 	/System/Library/PrivateFrameworks/ProtectedCloudStorage.framework/Versions/A/ProtectedCloudStorage
0x000000000071d000 	/usr/lib/libCoreStorage.dylib
0x000000000071d000 	/System/Library/PrivateFrameworks/EFILogin.framework/Versions/A/EFILogin
0x000000000071d000 	/usr/lib/libutil.dylib
0x000000000071d000 	/System/Library/PrivateFrameworks/FindMyDevice.framework/Versions/A/FindMyDevice
0x000000000071d000 	/System/Library/Frameworks/LDAP.framework/Versions/A/LDAP
0x000000000071d000 	/usr/lib/libsasl2.2.dylib
0x000000000071d000 	/System/Library/PrivateFrameworks/CoreDaemon.framework/Versions/B/CoreDaemon
0x000000000071d000 	/usr/lib/libcrypto.0.9.8.dylib
0x000000000071d000 	/System/Library/PrivateFrameworks/AppleSRP.framework/Versions/A/AppleSRP
0x000000000071d000 	/System/Library/PrivateFrameworks/TrustEvaluationAgent.framework/Versions/A/TrustEvaluationAgent
0x0000000117edd000 	/Library/Java/JavaVirtualMachines/jdk1.8.0_20.jdk/Contents/Home/jre/lib/libglass.dylib
0x000000000071d000 	/System/Library/PrivateFrameworks/CoreServicesInternal.framework/Versions/A/CoreServicesInternal
0x000000000071d000 	/System/Library/PrivateFrameworks/CloudDocs.framework/Versions/A/CloudDocs
0x000000000071d000 	/System/Library/PrivateFrameworks/CoreDuet.framework/Versions/A/CoreDuet
0x000000000071d000 	/System/Library/Frameworks/CloudKit.framework/Versions/A/CloudKit
0x000000000071d000 	/System/Library/PrivateFrameworks/ProtocolBuffer.framework/Versions/A/ProtocolBuffer
0x000000000071d000 	/System/Library/PrivateFrameworks/CoreDuetDaemonProtocol.framework/Versions/A/CoreDuetDaemonProtocol
0x000000000071d000 	/System/Library/PrivateFrameworks/CoreDuetDebugLogging.framework/Versions/A/CoreDuetDebugLogging
0x000000000071d000 	/System/Library/Frameworks/CoreLocation.framework/Versions/A/CoreLocation
0x000000000071d000 	/System/Library/Frameworks/Accounts.framework/Versions/A/Accounts
0x000000000071d000 	/System/Library/PrivateFrameworks/ApplePushService.framework/Versions/A/ApplePushService
0x000000000071d000 	/System/Library/PrivateFrameworks/GeoServices.framework/Versions/A/GeoServices
0x000000000071d000 	/System/Library/PrivateFrameworks/OAuth.framework/Versions/A/OAuth
0x000000000071d000 	/System/Library/Frameworks/CoreGraphics.framework/Versions/A/Resources/libCGCMS.A.dylib
0x000000000071d000 	/System/Library/CoreServices/RawCamera.bundle/Contents/MacOS/RawCamera
0x000000000071d000 	/System/Library/Frameworks/CoreGraphics.framework/Versions/A/Resources/libRIP.A.dylib
0x000000000071d000 	/System/Library/PrivateFrameworks/FamilyControls.framework/Versions/A/FamilyControls
0x000000000071d000 	/System/Library/PrivateFrameworks/CommerceKit.framework/Versions/A/Frameworks/CommerceCore.framework/Versions/A/CommerceCore
0x000000000071d000 	/System/Library/PrivateFrameworks/SystemAdministration.framework/Versions/A/SystemAdministration
0x000000000071d000 	/System/Library/PrivateFrameworks/AppContainer.framework/Versions/A/AppContainer
0x000000000071d000 	/System/Library/PrivateFrameworks/SecCodeWrapper.framework/Versions/A/SecCodeWrapper
0x000000000071d000 	/System/Library/Frameworks/DirectoryService.framework/Versions/A/DirectoryService
0x000000000071d000 	/System/Library/PrivateFrameworks/LoginUIKit.framework/Versions/A/Frameworks/LoginUICore.framework/Versions/A/LoginUICore
0x000000000071d000 	/usr/lib/libodfde.dylib
0x000000011b7aa000 	/Library/Java/JavaVirtualMachines/jdk1.8.0_20.jdk/Contents/Home/jre/lib/libjavafx_font.dylib
0x000000000071d000 	/System/Library/Frameworks/CoreGraphics.framework/Versions/A/Resources/libCGXType.A.dylib
0x00000001194ff000 	/Library/Java/JavaVirtualMachines/jdk1.8.0_20.jdk/Contents/Home/jre/lib/libprism_common.dylib
0x000000011bf42000 	cl_kernels
0x000000011f08d000 	/System/Library/Frameworks/OpenCL.framework/Versions/A/Libraries/ImageFormats/unorm8_bgra.dylib
0x000000011bf47000 	cl_kernels
0x000000000071d000 	/System/Library/PrivateFrameworks/FinderKit.framework/Versions/A/FinderKit
0x000000000071d000 	/System/Library/PrivateFrameworks/Suggestions.framework/Versions/A/Suggestions
0x000000000071d000 	/System/Library/Frameworks/Quartz.framework/Versions/A/Frameworks/QuickLookUI.framework/Versions/A/QuickLookUI
0x000000000071d000 	/System/Library/Frameworks/Quartz.framework/Versions/A/Frameworks/ImageKit.framework/Versions/A/ImageKit
0x000000000071d000 	/System/Library/PrivateFrameworks/Bom.framework/Versions/A/Bom
0x000000000071d000 	/System/Library/Frameworks/QuickLook.framework/Versions/A/QuickLook
0x000000000071d000 	/System/Library/PrivateFrameworks/AppleSystemInfo.framework/Versions/A/AppleSystemInfo
0x000000000071d000 	/System/Library/Frameworks/ImageCaptureCore.framework/Versions/A/ImageCaptureCore
0x000000000071d000 	/System/Library/Frameworks/AddressBook.framework/Versions/A/AddressBook
0x000000000071d000 	/System/Library/PrivateFrameworks/IntlPreferences.framework/Versions/A/IntlPreferences
0x000000000071d000 	/System/Library/PrivateFrameworks/ToneLibrary.framework/Versions/A/ToneLibrary
0x000000000071d000 	/System/Library/PrivateFrameworks/ToneKit.framework/Versions/A/ToneKit
0x000000000071d000 	/System/Library/PrivateFrameworks/vCard.framework/Versions/A/vCard
0x000000000071d000 	/System/Library/PrivateFrameworks/ContactsData.framework/Versions/A/ContactsData
0x000000000071d000 	/System/Library/PrivateFrameworks/ContactsFoundation.framework/Versions/A/ContactsFoundation
0x000000000071d000 	/System/Library/Frameworks/SecurityInterface.framework/Versions/A/SecurityInterface
0x000000000071d000 	/System/Library/PrivateFrameworks/PhoneNumbers.framework/Versions/A/PhoneNumbers
0x000000000071d000 	/System/Library/Frameworks/Quartz.framework/Versions/A/Quartz
0x000000000071d000 	/System/Library/Frameworks/AVFoundation.framework/Versions/A/AVFoundation
0x000000000071d000 	/System/Library/Frameworks/AVFoundation.framework/Versions/A/Resources/libAVFAudio.dylib
0x000000000071d000 	/System/Library/Frameworks/CoreMedia.framework/Versions/A/CoreMedia
0x000000000071d000 	/System/Library/Frameworks/MediaToolbox.framework/Versions/A/MediaToolbox
0x000000000071d000 	/System/Library/Frameworks/VideoToolbox.framework/Versions/A/VideoToolbox
0x000000000071d000 	/System/Library/Frameworks/CoreMediaIO.framework/Versions/A/CoreMediaIO
0x000000000071d000 	/System/Library/PrivateFrameworks/MediaControlSender.framework/Versions/A/MediaControlSender
0x000000000071d000 	/System/Library/PrivateFrameworks/CoreAVCHD.framework/Versions/A/CoreAVCHD
0x000000000071d000 	/System/Library/Frameworks/MediaAccessibility.framework/Versions/A/MediaAccessibility
0x000000000071d000 	/System/Library/PrivateFrameworks/Mangrove.framework/Versions/A/Mangrove
0x000000000071d000 	/System/Library/PrivateFrameworks/CoreAUC.framework/Versions/A/CoreAUC
0x000000000071d000 	/System/Library/PrivateFrameworks/NetworkStatistics.framework/Versions/A/NetworkStatistics
0x000000000071d000 	/System/Library/PrivateFrameworks/AirPlaySupport.framework/Versions/A/AirPlaySupport
0x000000000071d000 	/System/Library/PrivateFrameworks/CoreUtils.framework/Versions/A/CoreUtils
0x000000000071d000 	/System/Library/PrivateFrameworks/AppleVA.framework/Versions/A/AppleVA
0x000000000071d000 	/System/Library/PrivateFrameworks/XPCService.framework/Versions/A/XPCService
0x000000000071d000 	/System/Library/PrivateFrameworks/AppSandbox.framework/Versions/A/AppSandbox
0x000000000071d000 	/usr/lib/libsandbox.1.dylib
0x000000000071d000 	/usr/lib/libMatch.1.dylib
0x000000000071d000 	/usr/lib/libspindump.dylib
0x000000000071d000 	/System/Library/Frameworks/QTKit.framework/Versions/A/QTKit
0x000000000071d000 	/System/Library/PrivateFrameworks/CoreMediaAuthoring.framework/Versions/A/CoreMediaAuthoring
0x000000000071d000 	/System/Library/Frameworks/Quartz.framework/Versions/A/Frameworks/QuartzComposer.framework/Versions/A/QuartzComposer
0x000000000071d000 	/System/Library/Frameworks/Quartz.framework/Versions/A/Frameworks/PDFKit.framework/Versions/A/PDFKit
0x000000000071d000 	/System/Library/Frameworks/Quartz.framework/Versions/A/Frameworks/QuartzFilters.framework/Versions/A/QuartzFilters
0x000000000071d000 	/System/Library/Frameworks/JavaScriptCore.framework/Versions/A/JavaScriptCore
0x000000000071d000 	/System/Library/PrivateFrameworks/CorePDF.framework/Versions/A/CorePDF
0x000000000071d000 	/System/Library/PrivateFrameworks/DisplayServices.framework/Versions/A/DisplayServices
0x000000000071d000 	/System/Library/PrivateFrameworks/AppleFSCompression.framework/Versions/A/AppleFSCompression
0x0000000119487000 	/System/Library/PrivateFrameworks/CacheDelete.framework/CacheDelete
0x000000000071d000 	/System/Library/PrivateFrameworks/PlugInKit.framework/Versions/A/PlugInKit
0x000000011949f000 	/System/Library/PrivateFrameworks/FileProvider.framework/FileProvider
0x0000000120464000 	/System/Library/Frameworks/OpenCL.framework/Versions/A/Libraries/ImageFormats/unorm8_rgba.dylib
0x000000011b403000 	cl_kernels
0x000000011c5ff000 	cl_kernels
0x000000011c603000 	cl_kernels

VM Arguments:
jvm_args: -Dfile.encoding=UTF-8 
java_command: /Users/peteralbrecht/Desktop/NetBeans/Projekte/de.bht.fpa.mail.s736580us791788/dist/run1805274967/de.bht.fpa.mail.s736580us791788.jar
java_class_path (initial): /Users/peteralbrecht/Desktop/NetBeans/Projekte/de.bht.fpa.mail.s736580us791788/dist/run1805274967/de.bht.fpa.mail.s736580us791788.jar
Launcher Type: SUN_STANDARD

Environment Variables:
PATH=/usr/bin:/bin:/usr/sbin:/sbin
LD_LIBRARY_PATH=/Library/Java/JavaVirtualMachines/jdk1.8.0_20.jdk/Contents/Home/jre/lib/amd64:/Library/Java/JavaVirtualMachines/jdk1.8.0_20.jdk/Contents/Home/jre/lib/i386:
SHELL=/bin/bash
DISPLAY=/private/tmp/com.apple.launchd.fDoUSQgS6r/org.macosforge.xquartz:0
DYLD_LIBRARY_PATH=/Applications/NetBeans/NetBeans 8.0.1.app/Contents/Resources/NetBeans/webcommon/bin:

Signal Handlers:
SIGSEGV: [libjvm.dylib+0x578fd7], sa_mask[0]=11111111011111110111111111111111, sa_flags=SA_ONSTACK|SA_RESTART|SA_SIGINFO
SIGBUS: [libjvm.dylib+0x578fd7], sa_mask[0]=11111111011111110111111111111111, sa_flags=SA_RESTART|SA_SIGINFO
SIGFPE: [libjvm.dylib+0x45ab0c], sa_mask[0]=11111111011111110111111111111111, sa_flags=SA_RESTART|SA_SIGINFO
SIGPIPE: [libjvm.dylib+0x45ab0c], sa_mask[0]=11111111011111110111111111111111, sa_flags=SA_RESTART|SA_SIGINFO
SIGXFSZ: [libjvm.dylib+0x45ab0c], sa_mask[0]=11111111011111110111111111111111, sa_flags=SA_RESTART|SA_SIGINFO
SIGILL: [libjvm.dylib+0x45ab0c], sa_mask[0]=11111111011111110111111111111111, sa_flags=SA_RESTART|SA_SIGINFO
SIGUSR1: SIG_DFL, sa_mask[0]=00000000000000000000000000000000, sa_flags=none
SIGUSR2: [libjvm.dylib+0x45a62a], sa_mask[0]=00100000000000000000000000000000, sa_flags=SA_RESTART|SA_SIGINFO
SIGHUP: [libjvm.dylib+0x458bfd], sa_mask[0]=11111111011111110111111111111111, sa_flags=SA_RESTART|SA_SIGINFO
SIGINT: SIG_IGN, sa_mask[0]=00000000000000000000000000000000, sa_flags=none
SIGTERM: [libjvm.dylib+0x458bfd], sa_mask[0]=11111111011111110111111111111111, sa_flags=SA_RESTART|SA_SIGINFO
SIGQUIT: [libjvm.dylib+0x458bfd], sa_mask[0]=11111111011111110111111111111111, sa_flags=SA_RESTART|SA_SIGINFO


---------------  S Y S T E M  ---------------

OS:Bsduname:Darwin 14.0.0 Darwin Kernel Version 14.0.0: Fri Sep 19 00:26:44 PDT 2014; root:xnu-2782.1.97~2/RELEASE_X86_64 x86_64
rlimit: STACK 8192k, CORE 0k, NPROC 709, NOFILE 10240, AS infinity
load average:2.14 1.63 1.71

CPU:total 4 (2 cores per cpu, 2 threads per core) family 6 model 58 stepping 9, cmov, cx8, fxsr, mmx, sse, sse2, sse3, ssse3, sse4.1, sse4.2, popcnt, avx, aes, clmul, erms, ht, tsc, tscinvbit, tscinv

Memory: 4k page, physical 4194304k(113584k free)

/proc/meminfo:


vm_info: Java HotSpot(TM) 64-Bit Server VM (25.20-b23) for bsd-amd64 JRE (1.8.0_20-b26), built on Jul 30 2014 13:37:47 by "java_re" with gcc 4.2.1 (Based on Apple Inc. build 5658) (LLVM build 2336.9.00)

time: Sat Jan 24 12:00:58 2015
elapsed time: 34 seconds (0d 0h 0m 34s)

